0 info it worked if it ends with ok
1 verbose cli [ '/usr/bin/nodejs', '/usr/bin/npm', 'install', '-g', 'nodemon' ]
2 info using npm@2.14.12
3 info using node@v4.2.4
4 verbose install initial load of /usr/lib/package.json
5 verbose readDependencies loading dependencies from /usr/lib/package.json
6 silly cache add args [ 'nodemon', null ]
7 verbose cache add spec nodemon
8 silly cache add parsed spec Result {
8 silly cache add   raw: 'nodemon',
8 silly cache add   scope: null,
8 silly cache add   name: 'nodemon',
8 silly cache add   rawSpec: '',
8 silly cache add   spec: 'latest',
8 silly cache add   type: 'tag' }
9 silly addNamed nodemon@latest
10 verbose addNamed "latest" is being treated as a dist-tag for nodemon
11 info addNameTag [ 'nodemon', 'latest' ]
12 silly mapToRegistry name nodemon
13 silly mapToRegistry using default registry
14 silly mapToRegistry registry https://registry.npmjs.org/
15 silly mapToRegistry uri https://registry.npmjs.org/nodemon
16 verbose addNameTag registry:https://registry.npmjs.org/nodemon not in flight; fetching
17 verbose request uri https://registry.npmjs.org/nodemon
18 verbose request no auth needed
19 info attempt registry request try #1 at 9:02:21 PM
20 verbose request id c365ad860f382f69
21 http request GET https://registry.npmjs.org/nodemon
22 http 200 https://registry.npmjs.org/nodemon
23 verbose headers { server: 'CouchDB/1.5.0 (Erlang OTP/R16B03)',
23 verbose headers   etag: '"7A2MM3YSVZLEWXRECBK0BDPWC"',
23 verbose headers   'content-type': 'application/json',
23 verbose headers   'cache-control': 'max-age=300',
23 verbose headers   'content-length': '182160',
23 verbose headers   'accept-ranges': 'bytes',
23 verbose headers   date: 'Fri, 12 Feb 2016 21:02:25 GMT',
23 verbose headers   via: '1.1 varnish',
23 verbose headers   age: '181',
23 verbose headers   connection: 'keep-alive',
23 verbose headers   'x-served-by': 'cache-lax1422-LAX',
23 verbose headers   'x-cache': 'HIT',
23 verbose headers   'x-cache-hits': '1',
23 verbose headers   'x-timer': 'S1455310945.592757,VS0,VE0',
23 verbose headers   vary: 'Accept' }
24 silly get cb [ 200,
24 silly get   { server: 'CouchDB/1.5.0 (Erlang OTP/R16B03)',
24 silly get     etag: '"7A2MM3YSVZLEWXRECBK0BDPWC"',
24 silly get     'content-type': 'application/json',
24 silly get     'cache-control': 'max-age=300',
24 silly get     'content-length': '182160',
24 silly get     'accept-ranges': 'bytes',
24 silly get     date: 'Fri, 12 Feb 2016 21:02:25 GMT',
24 silly get     via: '1.1 varnish',
24 silly get     age: '181',
24 silly get     connection: 'keep-alive',
24 silly get     'x-served-by': 'cache-lax1422-LAX',
24 silly get     'x-cache': 'HIT',
24 silly get     'x-cache-hits': '1',
24 silly get     'x-timer': 'S1455310945.592757,VS0,VE0',
24 silly get     vary: 'Accept' } ]
25 verbose get saving nodemon to /home/vagrant/.npm/registry.npmjs.org/nodemon/.cache.json
26 silly addNameTag next cb for nodemon with tag latest
27 silly addNamed nodemon@1.8.1
28 verbose addNamed "1.8.1" is a plain semver version for nodemon
29 silly mapToRegistry name nodemon
30 silly mapToRegistry using default registry
31 silly mapToRegistry registry https://registry.npmjs.org/
32 silly mapToRegistry uri https://registry.npmjs.org/nodemon
33 verbose addRemoteTarball https://registry.npmjs.org/nodemon/-/nodemon-1.8.1.tgz not in flight; adding
34 verbose addRemoteTarball [ 'https://registry.npmjs.org/nodemon/-/nodemon-1.8.1.tgz',
34 verbose addRemoteTarball   '75cfd7ac167e938cdab7313c839bc45a1859bb32' ]
35 info retry fetch attempt 1 at 9:02:27 PM
36 info attempt registry request try #1 at 9:02:27 PM
37 http fetch GET https://registry.npmjs.org/nodemon/-/nodemon-1.8.1.tgz
38 http fetch 200 https://registry.npmjs.org/nodemon/-/nodemon-1.8.1.tgz
39 silly fetchAndShaCheck shasum 75cfd7ac167e938cdab7313c839bc45a1859bb32
40 verbose addTmpTarball /tmp/npm-5760-d0979972/registry.npmjs.org/nodemon/-/nodemon-1.8.1.tgz not in flight; adding
41 verbose addTmpTarball already have metadata; skipping unpack for nodemon@1.8.1
42 silly cache afterAdd nodemon@1.8.1
43 verbose afterAdd /home/vagrant/.npm/nodemon/1.8.1/package/package.json not in flight; writing
44 verbose afterAdd /home/vagrant/.npm/nodemon/1.8.1/package/package.json written
45 silly install resolved [ { name: 'nodemon',
45 silly install resolved     homepage: 'http://nodemon.io',
45 silly install resolved     author: { name: 'Remy Sharp', url: 'http://github.com/remy' },
45 silly install resolved     bin: { nodemon: './bin/nodemon.js' },
45 silly install resolved     engines: { node: '>=0.8' },
45 silly install resolved     repository: { type: 'git', url: 'git+https://github.com/remy/nodemon.git' },
45 silly install resolved     description: 'Simple monitor script for use during development of a node.js app.',
45 silly install resolved     keywords:
45 silly install resolved      [ 'monitor',
45 silly install resolved        'development',
45 silly install resolved        'restart',
45 silly install resolved        'autoload',
45 silly install resolved        'reload',
45 silly install resolved        'terminal' ],
45 silly install resolved     preferGlobal: 'true',
45 silly install resolved     license: 'MIT',
45 silly install resolved     main: './lib/nodemon',
45 silly install resolved     scripts:
45 silly install resolved      { coverage: 'istanbul cover _mocha -- --timeout 30000 --ui bdd --reporter list test/**/*.test.js',
45 silly install resolved        lint: 'jscs lib/**/*.js -v',
45 silly install resolved        ':spec': 'mocha --timeout 30000 --ui bdd test/**/*.test.js',
45 silly install resolved        test: 'npm run lint && npm run spec',
45 silly install resolved        spec: 'for FILE in test/**/*.test.js; do echo $FILE; ./node_modules/.bin/mocha --timeout 30000 $FILE; if [ $? -ne 0 ]; then exit 1; fi; sleep 1; done',
45 silly install resolved        web: 'node web',
45 silly install resolved        'semantic-release': 'semantic-release pre && npm publish && semantic-release post' },
45 silly install resolved     devDependencies:
45 silly install resolved      { async: '1.4.2',
45 silly install resolved        'coffee-script': '~1.7.1',
45 silly install resolved        connect: '~2.19.1',
45 silly install resolved        istanbul: '~0.2.10',
45 silly install resolved        jscs: '2.1.1',
45 silly install resolved        mocha: '2.3.3',
45 silly install resolved        should: '~4.0.0',
45 silly install resolved        'semantic-release': '4.3.5' },
45 silly install resolved     dependencies:
45 silly install resolved      { chokidar: '^1.2.0',
45 silly install resolved        debug: '^2.2.0',
45 silly install resolved        'es6-promise': '^3.0.2',
45 silly install resolved        'lodash.defaults': '^3.1.2',
45 silly install resolved        minimatch: '^3.0.0',
45 silly install resolved        'ps-tree': '^1.0.1',
45 silly install resolved        touch: '1.0.0',
45 silly install resolved        undefsafe: '0.0.3',
45 silly install resolved        'update-notifier': '0.5.0' },
45 silly install resolved     version: '1.8.1',
45 silly install resolved     gitHead: 'b292ae74b7c43407a52ce2d33d36ff218f4245ed',
45 silly install resolved     bugs: { url: 'https://github.com/remy/nodemon/issues' },
45 silly install resolved     _id: 'nodemon@1.8.1',
45 silly install resolved     _shasum: '75cfd7ac167e938cdab7313c839bc45a1859bb32',
45 silly install resolved     _from: 'nodemon@latest',
45 silly install resolved     _npmVersion: '2.14.9',
45 silly install resolved     _nodeVersion: '4.2.1',
45 silly install resolved     _npmUser: { name: 'remy', email: 'remy@leftlogic.com' },
45 silly install resolved     dist:
45 silly install resolved      { shasum: '75cfd7ac167e938cdab7313c839bc45a1859bb32',
45 silly install resolved        tarball: 'http://registry.npmjs.org/nodemon/-/nodemon-1.8.1.tgz' },
45 silly install resolved     maintainers: [ [Object] ],
45 silly install resolved     directories: {},
45 silly install resolved     _resolved: 'https://registry.npmjs.org/nodemon/-/nodemon-1.8.1.tgz' } ]
46 info install nodemon@1.8.1 into /usr/lib
47 info installOne nodemon@1.8.1
48 verbose installOne of nodemon to /usr/lib not in flight; installing
49 verbose lock using /home/vagrant/.npm/_locks/nodemon-ff29255d92513265.lock for /usr/lib/node_modules/nodemon
50 silly install write writing nodemon 1.8.1 to /usr/lib/node_modules/nodemon
51 verbose unbuild lib/node_modules/nodemon
52 silly gentlyRm /usr/lib/node_modules/nodemon is being purged from base /usr
53 verbose gentlyRm don't care about contents; nuking /usr/lib/node_modules/nodemon
54 verbose tar unpack /home/vagrant/.npm/nodemon/1.8.1/package.tgz
55 verbose tar unpacking to /usr/lib/node_modules/nodemon
56 silly gentlyRm /usr/lib/node_modules/nodemon is being purged
57 verbose gentlyRm don't care about contents; nuking /usr/lib/node_modules/nodemon
58 silly gunzTarPerm modes [ '775', '664' ]
59 error tar.unpack untar error /home/vagrant/.npm/nodemon/1.8.1/package.tgz
60 verbose unlock done using /home/vagrant/.npm/_locks/nodemon-ff29255d92513265.lock for /usr/lib/node_modules/nodemon
61 verbose fstream_path /usr/lib/node_modules/nodemon
62 verbose fstream_type Directory
63 verbose fstream_class DirWriter
64 verbose stack Error: EACCES: permission denied, mkdir '/usr/lib/node_modules/nodemon'
64 verbose stack     at Error (native)
65 verbose fstream_stack /usr/lib/node_modules/npm/node_modules/fstream/lib/dir-writer.js:35:25
65 verbose fstream_stack /usr/lib/node_modules/npm/node_modules/mkdirp/index.js:47:53
65 verbose fstream_stack FSReqWrap.oncomplete (fs.js:82:15)
66 verbose cwd /home/vagrant/introHCI/yums
67 error Linux 3.13.0-74-generic
68 error argv "/usr/bin/nodejs" "/usr/bin/npm" "install" "-g" "nodemon"
69 error node v4.2.4
70 error npm  v2.14.12
71 error path /usr/lib/node_modules/nodemon
72 error code EACCES
73 error errno -13
74 error syscall mkdir
75 error Error: EACCES: permission denied, mkdir '/usr/lib/node_modules/nodemon'
75 error     at Error (native)
75 error  { [Error: EACCES: permission denied, mkdir '/usr/lib/node_modules/nodemon']
75 error   errno: -13,
75 error   code: 'EACCES',
75 error   syscall: 'mkdir',
75 error   path: '/usr/lib/node_modules/nodemon',
75 error   fstream_type: 'Directory',
75 error   fstream_path: '/usr/lib/node_modules/nodemon',
75 error   fstream_class: 'DirWriter',
75 error   fstream_stack:
75 error    [ '/usr/lib/node_modules/npm/node_modules/fstream/lib/dir-writer.js:35:25',
75 error      '/usr/lib/node_modules/npm/node_modules/mkdirp/index.js:47:53',
75 error      'FSReqWrap.oncomplete (fs.js:82:15)' ] }
76 error Please try running this command again as root/Administrator.
77 verbose exit [ -13, true ]
78 verbose unbuild lib/node_modules/nodemon
79 silly gentlyRm /usr/lib/node_modules/nodemon is being purged from base /usr
80 verbose gentlyRm don't care about contents; nuking /usr/lib/node_modules/nodemon
